<?xml version="1.0" ?>
<!DOCTYPE coverage SYSTEM "http://cobertura.sourceforge.net/xml/coverage-04.dtd">
<coverage lines-valid="62" lines-covered="62" line-rate="1" branches-valid="24" branches-covered="23" branch-rate="0.9582999999999999" timestamp="1755882091376" complexity="0" version="0.1">
  <sources>
    <source>/Users/blaisengwa/projects/serverlessapplication</source>
  </sources>
  <packages>
    <package name="main" line-rate="1" branch-rate="0.9582999999999999">
      <classes>
        <class name="index.js" filename="src/index.js" line-rate="1" branch-rate="0.9582999999999999">
          <methods>
            <method name="(anonymous_0)" hits="13" signature="()V">
              <lines>
                <line number="24" hits="13"/>
              </lines>
            </method>
            <method name="processEvent" hits="11" signature="()V">
              <lines>
                <line number="119" hits="11"/>
              </lines>
            </method>
            <method name="(anonymous_2)" hits="11" signature="()V">
              <lines>
                <line number="126" hits="11"/>
              </lines>
            </method>
            <method name="handleCreate" hits="5" signature="()V">
              <lines>
                <line number="163" hits="5"/>
              </lines>
            </method>
            <method name="(anonymous_4)" hits="4" signature="()V">
              <lines>
                <line number="172" hits="4"/>
              </lines>
            </method>
            <method name="handleUpdate" hits="2" signature="()V">
              <lines>
                <line number="185" hits="2"/>
              </lines>
            </method>
            <method name="(anonymous_6)" hits="1" signature="()V">
              <lines>
                <line number="194" hits="1"/>
              </lines>
            </method>
            <method name="handleDelete" hits="2" signature="()V">
              <lines>
                <line number="206" hits="2"/>
              </lines>
            </method>
            <method name="(anonymous_8)" hits="1" signature="()V">
              <lines>
                <line number="215" hits="1"/>
              </lines>
            </method>
            <method name="generateId" hits="4" signature="()V">
              <lines>
                <line number="227" hits="4"/>
              </lines>
            </method>
          </methods>
          <lines>
            <line number="1" hits="1" branch="false"/>
            <line number="2" hits="1" branch="false"/>
            <line number="3" hits="1" branch="false"/>
            <line number="6" hits="1" branch="false"/>
            <line number="11" hits="1" branch="false"/>
            <line number="16" hits="1" branch="false"/>
            <line number="24" hits="1" branch="false"/>
            <line number="26" hits="13" branch="false"/>
            <line number="27" hits="13" branch="false"/>
            <line number="30" hits="13" branch="false"/>
            <line number="31" hits="13" branch="false"/>
            <line number="33" hits="13" branch="false"/>
            <line number="34" hits="13" branch="false"/>
            <line number="45" hits="13" branch="false"/>
            <line number="48" hits="13" branch="true" condition-coverage="100% (4/4)"/>
            <line number="49" hits="2" branch="false"/>
            <line number="53" hits="11" branch="false"/>
            <line number="56" hits="6" branch="false"/>
            <line number="58" hits="6" branch="false"/>
            <line number="63" hits="6" branch="false"/>
            <line number="77" hits="7" branch="false"/>
            <line number="79" hits="7" branch="false"/>
            <line number="86" hits="7" branch="false"/>
            <line number="87" hits="7" branch="false"/>
            <line number="92" hits="7" branch="false"/>
            <line number="106" hits="13" branch="false"/>
            <line number="109" hits="13" branch="false"/>
            <line number="120" hits="11" branch="false"/>
            <line number="122" hits="11" branch="false"/>
            <line number="123" hits="11" branch="false"/>
            <line number="126" hits="11" branch="false"/>
            <line number="129" hits="11" branch="false"/>
            <line number="131" hits="11" branch="true" condition-coverage="100% (2/2)"/>
            <line number="132" hits="1" branch="false"/>
            <line number="137" hits="10" branch="true" condition-coverage="100% (4/4)"/>
            <line number="139" hits="5" branch="false"/>
            <line number="140" hits="4" branch="false"/>
            <line number="142" hits="2" branch="false"/>
            <line number="143" hits="1" branch="false"/>
            <line number="145" hits="2" branch="false"/>
            <line number="146" hits="1" branch="false"/>
            <line number="148" hits="1" branch="false"/>
            <line number="151" hits="6" branch="false"/>
            <line number="152" hits="6" branch="false"/>
            <line number="154" hits="6" branch="false"/>
            <line number="156" hits="11" branch="false"/>
            <line number="164" hits="5" branch="false"/>
            <line number="167" hits="5" branch="true" condition-coverage="100% (4/4)"/>
            <line number="168" hits="1" branch="false"/>
            <line number="172" hits="4" branch="false"/>
            <line number="174" hits="4" branch="false"/>
            <line number="186" hits="2" branch="false"/>
            <line number="189" hits="2" branch="true" condition-coverage="100% (4/4)"/>
            <line number="190" hits="1" branch="false"/>
            <line number="194" hits="1" branch="false"/>
            <line number="196" hits="1" branch="false"/>
            <line number="207" hits="2" branch="false"/>
            <line number="210" hits="2" branch="true" condition-coverage="100% (4/4)"/>
            <line number="211" hits="1" branch="false"/>
            <line number="215" hits="1" branch="false"/>
            <line number="217" hits="1" branch="false"/>
            <line number="228" hits="4" branch="false"/>
          </lines>
        </class>
      </classes>
    </package>
  </packages>
</coverage>
