TN:
SF:src/index.js
FN:24,(anonymous_0)
FN:119,processEvent
FN:126,(anonymous_2)
FN:163,handleCreate
FN:172,(anonymous_4)
FN:185,handleUpdate
FN:194,(anonymous_6)
FN:206,handleDelete
FN:215,(anonymous_8)
FN:227,generateId
FNF:10
FNH:10
FNDA:13,(anonymous_0)
FNDA:11,processEvent
FNDA:11,(anonymous_2)
FNDA:5,handleCreate
FNDA:4,(anonymous_4)
FNDA:2,handleUpdate
FNDA:1,(anonymous_6)
FNDA:2,handleDelete
FNDA:1,(anonymous_8)
FNDA:4,generateId
DA:1,1
DA:2,1
DA:3,1
DA:6,1
DA:11,1
DA:16,1
DA:24,1
DA:26,13
DA:27,13
DA:30,13
DA:31,13
DA:33,13
DA:34,13
DA:45,13
DA:48,13
DA:49,2
DA:53,11
DA:56,6
DA:58,6
DA:63,6
DA:77,7
DA:79,7
DA:86,7
DA:87,7
DA:92,7
DA:106,13
DA:109,13
DA:120,11
DA:122,11
DA:123,11
DA:126,11
DA:129,11
DA:131,11
DA:132,1
DA:137,10
DA:139,5
DA:140,4
DA:142,2
DA:143,1
DA:145,2
DA:146,1
DA:148,1
DA:151,6
DA:152,6
DA:154,6
DA:156,11
DA:164,5
DA:167,5
DA:168,1
DA:172,4
DA:174,4
DA:186,2
DA:189,2
DA:190,1
DA:194,1
DA:196,1
DA:207,2
DA:210,2
DA:211,1
DA:215,1
DA:217,1
DA:228,4
LF:62
LH:62
BRDA:8,0,0,1
BRDA:8,0,1,0
BRDA:48,1,0,2
BRDA:48,1,1,11
BRDA:48,2,0,13
BRDA:48,2,1,11
BRDA:131,3,0,1
BRDA:131,3,1,10
BRDA:137,4,0,5
BRDA:137,4,1,2
BRDA:137,4,2,2
BRDA:137,4,3,1
BRDA:167,5,0,1
BRDA:167,5,1,4
BRDA:167,6,0,5
BRDA:167,6,1,5
BRDA:189,7,0,1
BRDA:189,7,1,1
BRDA:189,8,0,2
BRDA:189,8,1,2
BRDA:210,9,0,1
BRDA:210,9,1,1
BRDA:210,10,0,2
BRDA:210,10,1,2
BRF:24
BRH:23
end_of_record
